# JRE version: Java(TM) SE Runtime Environment (8.0_05-b13) (build 1.8.0_05-b13)
# Java VM: Java HotSpot(TM) 64-Bit Server VM (25.5-b02 mixed mode windows-amd64 compressed oops)
Heap:
 PSYoungGen      total 175104K, used 116601K [0x00000000e0000000, 0x00000000f3a80000, 0x0000000100000000)
  eden space 56320K, 43% used [0x00000000e0000000,0x00000000e17ba6f0,0x00000000e3700000)
  from space 118784K, 77% used [0x00000000eb400000,0x00000000f0e23ef0,0x00000000f2800000)
  to   space 128000K, 0% used [0x00000000e3700000,0x00000000e3700000,0x00000000eb400000)
 ParOldGen       total 172544K, used 133379K [0x00000000a0000000, 0x00000000aa880000, 0x00000000e0000000)
  object space 172544K, 77% used [0x00000000a0000000,0x00000000a8240d50,0x00000000aa880000)
 Metaspace       used 66220K, capacity 69434K, committed 69888K, reserved 1110016K
  class space    used 8906K, capacity 9566K, committed 9728K, reserved 1048576K
GC Heap History (10 events):
Event: 1124.543 GC heap before
{Heap before GC invocations=69 (full 11):
 PSYoungGen      total 143872K, used 138004K [0x00000000e0000000, 0x00000000ef200000, 0x0000000100000000)
  eden space 67072K, 100% used [0x00000000e0000000,0x00000000e4180000,0x00000000e4180000)
  from space 76800K, 92% used [0x00000000e4180000,0x00000000e86c50f8,0x00000000e8c80000)
  to   space 87552K, 0% used [0x00000000e9c80000,0x00000000e9c80000,0x00000000ef200000)
 ParOldGen       total 172544K, used 133339K [0x00000000a0000000, 0x00000000aa880000, 0x00000000e0000000)
  object space 172544K, 77% used [0x00000000a0000000,0x00000000a8236d50,0x00000000aa880000)
 Metaspace       used 66170K, capacity 69370K, committed 69632K, reserved 1110016K
  class space    used 8904K, capacity 9566K, committed 9728K, reserved 1048576K
Event: 1124.630 GC heap after
Heap after GC invocations=69 (full 11):
 PSYoungGen      total 152064K, used 69018K [0x00000000e0000000, 0x00000000f0280000, 0x0000000100000000)
  eden space 64512K, 0% used [0x00000000e0000000,0x00000000e0000000,0x00000000e3f00000)
  from space 87552K, 78% used [0x00000000e9c80000,0x00000000edfe6808,0x00000000ef200000)
  to   space 95744K, 0% used [0x00000000e3f00000,0x00000000e3f00000,0x00000000e9c80000)
 ParOldGen       total 172544K, used 133339K [0x00000000a0000000, 0x00000000aa880000, 0x00000000e0000000)
  object space 172544K, 77% used [0x00000000a0000000,0x00000000a8236d50,0x00000000aa880000)
 Metaspace       used 66170K, capacity 69370K, committed 69632K, reserved 1110016K
  class space    used 8904K, capacity 9566K, committed 9728K, reserved 1048576K
}
Event: 1124.956 GC heap before
{Heap before GC invocations=70 (full 11):
 PSYoungGen      total 152064K, used 133530K [0x00000000e0000000, 0x00000000f0280000, 0x0000000100000000)
  eden space 64512K, 100% used [0x00000000e0000000,0x00000000e3f00000,0x00000000e3f00000)
  from space 87552K, 78% used [0x00000000e9c80000,0x00000000edfe6808,0x00000000ef200000)
  to   space 95744K, 0% used [0x00000000e3f00000,0x00000000e3f00000,0x00000000e9c80000)
 ParOldGen       total 172544K, used 133339K [0x00000000a0000000, 0x00000000aa880000, 0x00000000e0000000)
  object space 172544K, 77% used [0x00000000a0000000,0x00000000a8236d50,0x00000000aa880000)
 Metaspace       used 66177K, capacity 69370K, committed 69632K, reserved 1110016K
  class space    used 8904K, capacity 9566K, committed 9728K, reserved 1048576K
Event: 1125.091 GC heap after
Heap after GC invocations=70 (full 11):
 PSYoungGen      total 160256K, used 78710K [0x00000000e0000000, 0x00000000f1480000, 0x0000000100000000)
  eden space 64512K, 0% used [0x00000000e0000000,0x00000000e0000000,0x00000000e3f00000)
  from space 95744K, 82% used [0x00000000e3f00000,0x00000000e8bdd990,0x00000000e9c80000)
  to   space 105984K, 0% used [0x00000000ead00000,0x00000000ead00000,0x00000000f1480000)
 ParOldGen       total 172544K, used 133339K [0x00000000a0000000, 0x00000000aa880000, 0x00000000e0000000)
  object space 172544K, 77% used [0x00000000a0000000,0x00000000a8236d50,0x00000000aa880000)
 Metaspace       used 66177K, capacity 69370K, committed 69632K, reserved 1110016K
  class space    used 8904K, capacity 9566K, committed 9728K, reserved 1048576K
}
Event: 1125.402 GC heap before
{Heap before GC invocations=71 (full 11):
 PSYoungGen      total 160256K, used 143222K [0x00000000e0000000, 0x00000000f1480000, 0x0000000100000000)
  eden space 64512K, 100% used [0x00000000e0000000,0x00000000e3f00000,0x00000000e3f00000)
  from space 95744K, 82% used [0x00000000e3f00000,0x00000000e8bdd990,0x00000000e9c80000)
  to   space 105984K, 0% used [0x00000000ead00000,0x00000000ead00000,0x00000000f1480000)
 ParOldGen       total 172544K, used 133339K [0x00000000a0000000, 0x00000000aa880000, 0x00000000e0000000)
  object space 172544K, 77% used [0x00000000a0000000,0x00000000a8236d50,0x00000000aa880000)
 Metaspace       used 66193K, capacity 69434K, committed 69888K, reserved 1110016K
  class space    used 8904K, capacity 9566K, committed 9728K, reserved 1048576K
Event: 1125.551 GC heap after
Heap after GC invocations=71 (full 11):
 PSYoungGen      total 164864K, used 91121K [0x00000000e0000000, 0x00000000f2d80000, 0x0000000100000000)
  eden space 58880K, 0% used [0x00000000e0000000,0x00000000e0000000,0x00000000e3980000)
  from space 105984K, 85% used [0x00000000ead00000,0x00000000f05fc4f8,0x00000000f1480000)
  to   space 118272K, 0% used [0x00000000e3980000,0x00000000e3980000,0x00000000ead00000)
 ParOldGen       total 172544K, used 133347K [0x00000000a0000000, 0x00000000aa880000, 0x00000000e0000000)
  object space 172544K, 77% used [0x00000000a0000000,0x00000000a8238d50,0x00000000aa880000)
 Metaspace       used 66193K, capacity 69434K, committed 69888K, reserved 1110016K
  class space    used 8904K, capacity 9566K, committed 9728K, reserved 1048576K
}
Event: 1125.939 GC heap before
{Heap before GC invocations=72 (full 11):
 PSYoungGen      total 164864K, used 150001K [0x00000000e0000000, 0x00000000f2d80000, 0x0000000100000000)
  eden space 58880K, 100% used [0x00000000e0000000,0x00000000e3980000,0x00000000e3980000)
  from space 105984K, 85% used [0x00000000ead00000,0x00000000f05fc4f8,0x00000000f1480000)
  to   space 118272K, 0% used [0x00000000e3980000,0x00000000e3980000,0x00000000ead00000)
 ParOldGen       total 172544K, used 133347K [0x00000000a0000000, 0x00000000aa880000, 0x00000000e0000000)
  object space 172544K, 77% used [0x00000000a0000000,0x00000000a8238d50,0x00000000aa880000)
 Metaspace       used 66210K, capacity 69434K, committed 69888K, reserved 1110016K
  class space    used 8904K, capacity 9566K, committed 9728K, reserved 1048576K
Event: 1126.025 GC heap after
Heap after GC invocations=72 (full 11):
 PSYoungGen      total 177152K, used 66105K [0x00000000e0000000, 0x00000000f2800000, 0x0000000100000000)
  eden space 58880K, 0% used [0x00000000e0000000,0x00000000e0000000,0x00000000e3980000)
  from space 118272K, 55% used [0x00000000e3980000,0x00000000e7a0e768,0x00000000ead00000)
  to   space 118784K, 0% used [0x00000000eb400000,0x00000000eb400000,0x00000000f2800000)
 ParOldGen       total 172544K, used 133347K [0x00000000a0000000, 0x00000000aa880000, 0x00000000e0000000)
  object space 172544K, 77% used [0x00000000a0000000,0x00000000a8238d50,0x00000000aa880000)
 Metaspace       used 66210K, capacity 69434K, committed 69888K, reserved 1110016K
  class space    used 8904K, capacity 9566K, committed 9728K, reserved 1048576K
}
Event: 1126.256 GC heap before
{Heap before GC invocations=73 (full 11):
 PSYoungGen      total 177152K, used 124985K [0x00000000e0000000, 0x00000000f2800000, 0x0000000100000000)
  eden space 58880K, 100% used [0x00000000e0000000,0x00000000e3980000,0x00000000e3980000)
  from space 118272K, 55% used [0x00000000e3980000,0x00000000e7a0e768,0x00000000ead00000)
  to   space 118784K, 0% used [0x00000000eb400000,0x00000000eb400000,0x00000000f2800000)
 ParOldGen       total 172544K, used 133347K [0x00000000a0000000, 0x00000000aa880000, 0x00000000e0000000)
  object space 172544K, 77% used [0x00000000a0000000,0x00000000a8238d50,0x00000000aa880000)
 Metaspace       used 66214K, capacity 69434K, committed 69888K, reserved 1110016K
  class space    used 8904K, capacity 9566K, committed 9728K, reserved 1048576K
Event: 1126.383 GC heap after
Heap after GC invocations=73 (full 11):
 PSYoungGen      total 175104K, used 92303K [0x00000000e0000000, 0x00000000f3a80000, 0x0000000100000000)
  eden space 56320K, 0% used [0x00000000e0000000,0x00000000e0000000,0x00000000e3700000)
  from space 118784K, 77% used [0x00000000eb400000,0x00000000f0e23ef0,0x00000000f2800000)
  to   space 128000K, 0% used [0x00000000e3700000,0x00000000e3700000,0x00000000eb400000)
 ParOldGen       total 172544K, used 133379K [0x00000000a0000000, 0x00000000aa880000, 0x00000000e0000000)
  object space 172544K, 77% used [0x00000000a0000000,0x00000000a8240d50,0x00000000aa880000)
 Metaspace       used 66214K, capacity 69434K, committed 69888K, reserved 1110016K
  class space    used 8904K, capacity 9566K, committed 9728K, reserved 1048576K
}

